2019-12-08 19:40:43,940-INFO- Hello world!

2019-12-08 19:40:44,579-INFO- Hakem is global player 0. ['D5', 'H4'] are chosen for player 0 to choose hokm

2019-12-08 19:40:44,579-INFO-            D is chosen as hokm

2019-12-08 19:40:44,580-INFO- ['C4', 'S6', 'S5'] are added to player 0 hand

2019-12-08 19:40:44,580-INFO- 

Initial game status for episode 1:
#####################################################################################
Current table []

Player 0 - current score: 0
Hand length: 5 Hand: ['D5', 'H4', 'C4', 'S6', 'S5']
Hokm: D
C2:unk, C3:unk, C4:inh, C5:unk, C6:unk, 
S2:unk, S3:unk, S4:unk, S5:inh, S6:inh, 
H2:unk, H3:unk, H4:inh, H5:unk, H6:unk, 
D2:unk, D3:unk, D4:unk, D5:inh, D6:unk, 

Player 1 - current score: 0
Hand length: 5 Hand: ['H3', 'C3', 'H6', 'C5', 'D2']
Hokm: D
C2:unk, C3:inh, C4:unk, C5:inh, C6:unk, 
S2:unk, S3:unk, S4:unk, S5:unk, S6:unk, 
H2:unk, H3:inh, H4:unk, H5:unk, H6:inh, 
D2:inh, D3:unk, D4:unk, D5:unk, D6:unk, 

Player 2 - current score: 0
Hand length: 5 Hand: ['D3', 'C2', 'S4', 'S2', 'D4']
Hokm: D
C2:inh, C3:unk, C4:unk, C5:unk, C6:unk, 
S2:inh, S3:unk, S4:inh, S5:unk, S6:unk, 
H2:unk, H3:unk, H4:unk, H5:unk, H6:unk, 
D2:unk, D3:inh, D4:inh, D5:unk, D6:unk, 

Player 3 - current score: 0
Hand length: 5 Hand: ['D6', 'S3', 'H5', 'C6', 'H2']
Hokm: D
C2:unk, C3:unk, C4:unk, C5:unk, C6:inh, 
S2:unk, S3:inh, S4:unk, S5:unk, S6:unk, 
H2:inh, H3:unk, H4:unk, H5:inh, H6:unk, 
D2:unk, D3:unk, D4:unk, D5:unk, D6:inh, 

#####################################################################################


2019-12-08 19:40:44,580-INFO- Episode:1. It is 0 turn to start the round 1

2019-12-08 19:40:44,580-INFO- Table: []

2019-12-08 19:40:44,581-INFO- Hand length: 5 Hand: ['D5', 'H4', 'C4', 'S6', 'S5']

2019-12-08 19:40:44,581-INFO- 
Player 0 knowledge:
Hokm: D
C2:unk, C3:unk, C4:inh, C5:unk, C6:unk, 
S2:unk, S3:unk, S4:unk, S5:inh, S6:inh, 
H2:unk, H3:unk, H4:inh, H5:unk, H6:unk, 
D2:unk, D3:unk, D4:unk, D5:inh, D6:unk, 


2019-12-08 19:40:44,581-INFO- Player 0 action is: C4

2019-12-08 19:40:44,581-INFO- ------------------------------------------------

2019-12-08 19:40:44,581-INFO- Table: ['C4']

2019-12-08 19:40:44,581-INFO- Hand length: 5 Hand: ['H3', 'C3', 'H6', 'C5', 'D2']

2019-12-08 19:40:44,581-INFO- 
Player 1 knowledge:
Hokm: D
C2:unk, C3:inh, C4:tb, C5:inh, C6:unk, 
S2:unk, S3:unk, S4:unk, S5:unk, S6:unk, 
H2:unk, H3:inh, H4:unk, H5:unk, H6:inh, 
D2:inh, D3:unk, D4:unk, D5:unk, D6:unk, 


2019-12-08 19:40:44,581-INFO- Player 1 action is: C5

2019-12-08 19:40:44,581-INFO- ------------------------------------------------

2019-12-08 19:40:44,582-INFO- Table: ['C4', 'C5']

2019-12-08 19:40:44,582-INFO- Hand length: 5 Hand: ['D3', 'C2', 'S4', 'S2', 'D4']

2019-12-08 19:40:44,582-INFO- 
Player 2 knowledge:
Hokm: D
C2:inh, C3:unk, C4:tb, C5:tb, C6:unk, 
S2:inh, S3:unk, S4:inh, S5:unk, S6:unk, 
H2:unk, H3:unk, H4:unk, H5:unk, H6:unk, 
D2:unk, D3:inh, D4:inh, D5:unk, D6:unk, 


2019-12-08 19:40:44,582-INFO- Player 2 action is: C2

2019-12-08 19:40:44,582-INFO- ------------------------------------------------

2019-12-08 19:40:44,582-INFO- Table: ['C4', 'C5', 'C2']

2019-12-08 19:40:44,582-INFO- Hand length: 5 Hand: ['D6', 'S3', 'H5', 'C6', 'H2']

2019-12-08 19:40:44,582-INFO- 
Player 3 knowledge:
Hokm: D
C2:tb, C3:unk, C4:tb, C5:tb, C6:inh, 
S2:unk, S3:inh, S4:unk, S5:unk, S6:unk, 
H2:inh, H3:unk, H4:unk, H5:inh, H6:unk, 
D2:unk, D3:unk, D4:unk, D5:unk, D6:inh, 


2019-12-08 19:40:44,583-INFO- Player 3 action is: C6

2019-12-08 19:40:44,583-INFO- ------------------------------------------------

2019-12-08 19:40:44,583-INFO- The winner is global player 3. The played cards were {'C4': (0, 0), 'C5': (1, 1), 'C2': (2, 2), 'C6': (3, 3)}

2019-12-08 19:40:44,583-INFO- 
Players knowledge at round 1, episode 1:
#####################################################################################
Current table ['C4', 'C5', 'C2', 'C6']

Player 0 - current score: 0
Hand length: 4 Hand: ['D5', 'H4', 'S6', 'S5']
Hokm: D
C2:used, C3:unk, C4:used, C5:used, C6:used, 
S2:unk, S3:unk, S4:unk, S5:inh, S6:inh, 
H2:unk, H3:unk, H4:inh, H5:unk, H6:unk, 
D2:unk, D3:unk, D4:unk, D5:inh, D6:unk, 

Player 1 - current score: 1
Hand length: 4 Hand: ['H3', 'C3', 'H6', 'D2']
Hokm: D
C2:used, C3:inh, C4:used, C5:used, C6:used, 
S2:unk, S3:unk, S4:unk, S5:unk, S6:unk, 
H2:unk, H3:inh, H4:unk, H5:unk, H6:inh, 
D2:inh, D3:unk, D4:unk, D5:unk, D6:unk, 

Player 2 - current score: 0
Hand length: 4 Hand: ['D3', 'S4', 'S2', 'D4']
Hokm: D
C2:used, C3:unk, C4:used, C5:used, C6:used, 
S2:inh, S3:unk, S4:inh, S5:unk, S6:unk, 
H2:unk, H3:unk, H4:unk, H5:unk, H6:unk, 
D2:unk, D3:inh, D4:inh, D5:unk, D6:unk, 

Player 3 - current score: 1
Hand length: 4 Hand: ['D6', 'S3', 'H5', 'H2']
Hokm: D
C2:used, C3:unk, C4:used, C5:used, C6:used, 
S2:unk, S3:inh, S4:unk, S5:unk, S6:unk, 
H2:inh, H3:unk, H4:unk, H5:inh, H6:unk, 
D2:unk, D3:unk, D4:unk, D5:unk, D6:inh, 

#####################################################################################


2019-12-08 19:40:44,583-INFO- Episode:1. It is 3 turn to start the round 2

2019-12-08 19:40:44,583-INFO- Table: []

2019-12-08 19:40:44,583-INFO- Hand length: 4 Hand: ['D6', 'S3', 'H5', 'H2']

2019-12-08 19:40:44,584-INFO- 
Player 3 knowledge:
Hokm: D
C2:used, C3:unk, C4:used, C5:used, C6:used, 
S2:unk, S3:inh, S4:unk, S5:unk, S6:unk, 
H2:inh, H3:unk, H4:unk, H5:inh, H6:unk, 
D2:unk, D3:unk, D4:unk, D5:unk, D6:inh, 


2019-12-08 19:40:44,584-INFO- Player 3 action is: H2

2019-12-08 19:40:44,584-INFO- ------------------------------------------------

2019-12-08 19:40:44,584-INFO- Table: ['H2']

2019-12-08 19:40:44,584-INFO- Hand length: 4 Hand: ['D5', 'H4', 'S6', 'S5']

2019-12-08 19:40:44,584-INFO- 
Player 0 knowledge:
Hokm: D
C2:used, C3:unk, C4:used, C5:used, C6:used, 
S2:unk, S3:unk, S4:unk, S5:inh, S6:inh, 
H2:tb, H3:unk, H4:inh, H5:unk, H6:unk, 
D2:unk, D3:unk, D4:unk, D5:inh, D6:unk, 


2019-12-08 19:40:44,584-INFO- Player 0 action is: H4

2019-12-08 19:40:44,584-INFO- ------------------------------------------------

2019-12-08 19:40:44,584-INFO- Table: ['H2', 'H4']

2019-12-08 19:40:44,584-INFO- Hand length: 4 Hand: ['H3', 'C3', 'H6', 'D2']

2019-12-08 19:40:44,585-INFO- 
Player 1 knowledge:
Hokm: D
C2:used, C3:inh, C4:used, C5:used, C6:used, 
S2:unk, S3:unk, S4:unk, S5:unk, S6:unk, 
H2:tb, H3:inh, H4:tb, H5:unk, H6:inh, 
D2:inh, D3:unk, D4:unk, D5:unk, D6:unk, 


2019-12-08 19:40:44,585-INFO- Player 1 action is: H6

2019-12-08 19:40:44,585-INFO- ------------------------------------------------

2019-12-08 19:40:44,585-INFO- Table: ['H2', 'H4', 'H6']

2019-12-08 19:40:44,585-INFO- Hand length: 4 Hand: ['D3', 'S4', 'S2', 'D4']

2019-12-08 19:40:44,585-INFO- 
Player 2 knowledge:
Hokm: D
C2:used, C3:unk, C4:used, C5:used, C6:used, 
S2:inh, S3:unk, S4:inh, S5:unk, S6:unk, 
H2:tb, H3:unk, H4:tb, H5:unk, H6:tb, 
D2:unk, D3:inh, D4:inh, D5:unk, D6:unk, 


2019-12-08 19:40:44,585-INFO- Player 2 action is: S2

2019-12-08 19:40:44,585-INFO- ------------------------------------------------

2019-12-08 19:40:44,585-INFO- The winner is global player 1. The played cards were {'H2': (0, 3), 'H4': (1, 0), 'H6': (2, 1), 'S2': (3, 2)}

2019-12-08 19:40:44,586-INFO- 
Players knowledge at round 2, episode 1:
#####################################################################################
Current table ['H2', 'H4', 'H6', 'S2']

Player 0 - current score: 0
Hand length: 3 Hand: ['D5', 'S6', 'S5']
Hokm: D
C2:used, C3:unk, C4:used, C5:used, C6:used, 
S2:used, S3:unk, S4:unk, S5:inh, S6:inh, 
H2:used, H3:unk, H4:used, H5:unk, H6:used, 
D2:unk, D3:unk, D4:unk, D5:inh, D6:unk, 

Player 1 - current score: 2
Hand length: 3 Hand: ['H3', 'C3', 'D2']
Hokm: D
C2:used, C3:inh, C4:used, C5:used, C6:used, 
S2:used, S3:unk, S4:unk, S5:unk, S6:unk, 
H2:used, H3:inh, H4:used, H5:unk, H6:used, 
D2:inh, D3:unk, D4:unk, D5:unk, D6:unk, 

Player 2 - current score: 0
Hand length: 3 Hand: ['D3', 'S4', 'D4']
Hokm: D
C2:used, C3:unk, C4:used, C5:used, C6:used, 
S2:used, S3:unk, S4:inh, S5:unk, S6:unk, 
H2:used, H3:unk, H4:used, H5:unk, H6:used, 
D2:unk, D3:inh, D4:inh, D5:unk, D6:unk, 

Player 3 - current score: 2
Hand length: 3 Hand: ['D6', 'S3', 'H5']
Hokm: D
C2:used, C3:unk, C4:used, C5:used, C6:used, 
S2:used, S3:inh, S4:unk, S5:unk, S6:unk, 
H2:used, H3:unk, H4:used, H5:inh, H6:used, 
D2:unk, D3:unk, D4:unk, D5:unk, D6:inh, 

#####################################################################################


2019-12-08 19:40:44,586-INFO- Episode:1. It is 1 turn to start the round 3

2019-12-08 19:40:44,586-INFO- Table: []

2019-12-08 19:40:44,586-INFO- Hand length: 3 Hand: ['H3', 'C3', 'D2']

2019-12-08 19:40:44,586-INFO- 
Player 1 knowledge:
Hokm: D
C2:used, C3:inh, C4:used, C5:used, C6:used, 
S2:used, S3:unk, S4:unk, S5:unk, S6:unk, 
H2:used, H3:inh, H4:used, H5:unk, H6:used, 
D2:inh, D3:unk, D4:unk, D5:unk, D6:unk, 


2019-12-08 19:40:44,586-INFO- Player 1 action is: C3

2019-12-08 19:40:44,586-INFO- ------------------------------------------------

2019-12-08 19:40:44,586-INFO- Table: ['C3']

2019-12-08 19:40:44,586-INFO- Hand length: 3 Hand: ['D3', 'S4', 'D4']

2019-12-08 19:40:44,587-INFO- 
Player 2 knowledge:
Hokm: D
C2:used, C3:tb, C4:used, C5:used, C6:used, 
S2:used, S3:unk, S4:inh, S5:unk, S6:unk, 
H2:used, H3:unk, H4:used, H5:unk, H6:used, 
D2:unk, D3:inh, D4:inh, D5:unk, D6:unk, 


2019-12-08 19:40:44,587-INFO- Player 2 action is: S4

2019-12-08 19:40:44,587-INFO- ------------------------------------------------

2019-12-08 19:40:44,587-INFO- Table: ['C3', 'S4']

2019-12-08 19:40:44,587-INFO- Hand length: 3 Hand: ['D6', 'S3', 'H5']

2019-12-08 19:40:44,587-INFO- 
Player 3 knowledge:
Hokm: D
C2:used, C3:tb, C4:used, C5:used, C6:used, 
S2:used, S3:inh, S4:tb, S5:unk, S6:unk, 
H2:used, H3:unk, H4:used, H5:inh, H6:used, 
D2:unk, D3:unk, D4:unk, D5:unk, D6:inh, 


2019-12-08 19:40:44,587-INFO- Player 3 action is: S3

2019-12-08 19:40:44,587-INFO- ------------------------------------------------

2019-12-08 19:40:44,587-INFO- Table: ['C3', 'S4', 'S3']

2019-12-08 19:40:44,587-INFO- Hand length: 3 Hand: ['D5', 'S6', 'S5']

2019-12-08 19:40:44,588-INFO- 
Player 0 knowledge:
Hokm: D
C2:used, C3:tb, C4:used, C5:used, C6:used, 
S2:used, S3:tb, S4:tb, S5:inh, S6:inh, 
H2:used, H3:unk, H4:used, H5:unk, H6:used, 
D2:unk, D3:unk, D4:unk, D5:inh, D6:unk, 


2019-12-08 19:40:44,588-INFO- Player 0 action is: S6

2019-12-08 19:40:44,588-INFO- ------------------------------------------------

2019-12-08 19:40:44,588-INFO- The winner is global player 1. The played cards were {'C3': (0, 1), 'S4': (1, 2), 'S3': (2, 3), 'S6': (3, 0)}

2019-12-08 19:40:44,588-INFO- 
Players knowledge at round 3, episode 1:
#####################################################################################
Current table ['C3', 'S4', 'S3', 'S6']

Player 0 - current score: 0
Hand length: 2 Hand: ['D5', 'S5']
Hokm: D
C2:used, C3:used, C4:used, C5:used, C6:used, 
S2:used, S3:used, S4:used, S5:inh, S6:used, 
H2:used, H3:unk, H4:used, H5:unk, H6:used, 
D2:unk, D3:unk, D4:unk, D5:inh, D6:unk, 

Player 1 - current score: 3
Hand length: 2 Hand: ['H3', 'D2']
Hokm: D
C2:used, C3:used, C4:used, C5:used, C6:used, 
S2:used, S3:used, S4:used, S5:unk, S6:used, 
H2:used, H3:inh, H4:used, H5:unk, H6:used, 
D2:inh, D3:unk, D4:unk, D5:unk, D6:unk, 

Player 2 - current score: 0
Hand length: 2 Hand: ['D3', 'D4']
Hokm: D
C2:used, C3:used, C4:used, C5:used, C6:used, 
S2:used, S3:used, S4:used, S5:unk, S6:used, 
H2:used, H3:unk, H4:used, H5:unk, H6:used, 
D2:unk, D3:inh, D4:inh, D5:unk, D6:unk, 

Player 3 - current score: 3
Hand length: 2 Hand: ['D6', 'H5']
Hokm: D
C2:used, C3:used, C4:used, C5:used, C6:used, 
S2:used, S3:used, S4:used, S5:unk, S6:used, 
H2:used, H3:unk, H4:used, H5:inh, H6:used, 
D2:unk, D3:unk, D4:unk, D5:unk, D6:inh, 

#####################################################################################


2019-12-08 19:40:44,589-INFO- Winner is team: 1. Team 0 reward is 0. Team 1 reward is 3

2019-12-08 19:40:44,589-INFO- ##################### Episode 1 is done



2019-12-08 19:41:34,925-INFO- Hakem is global player 1. ['D3', 'S6'] are chosen for player 0 to choose hokm

2019-12-08 19:41:34,926-INFO-            S is chosen as hokm

2019-12-08 19:41:34,926-INFO- ['C5', 'C4', 'C6'] are added to player 0 hand

2019-12-08 19:41:34,926-INFO- 

Initial game status for episode 2:
#####################################################################################
Current table []

Player 0 - current score: 0
Hand length: 5 Hand: ['H5', 'C2', 'D2', 'S5', 'S4']
Hokm: S
C2:inh, C3:unk, C4:unk, C5:unk, C6:unk, 
S2:unk, S3:unk, S4:inh, S5:inh, S6:unk, 
H2:unk, H3:unk, H4:unk, H5:inh, H6:unk, 
D2:inh, D3:unk, D4:unk, D5:unk, D6:unk, 

Player 1 - current score: 0
Hand length: 5 Hand: ['D3', 'S6', 'C5', 'C4', 'C6']
Hokm: S
C2:unk, C3:unk, C4:inh, C5:inh, C6:inh, 
S2:unk, S3:unk, S4:unk, S5:unk, S6:inh, 
H2:unk, H3:unk, H4:unk, H5:unk, H6:unk, 
D2:unk, D3:inh, D4:unk, D5:unk, D6:unk, 

Player 2 - current score: 0
Hand length: 5 Hand: ['D6', 'H6', 'H2', 'D4', 'H3']
Hokm: S
C2:unk, C3:unk, C4:unk, C5:unk, C6:unk, 
S2:unk, S3:unk, S4:unk, S5:unk, S6:unk, 
H2:inh, H3:inh, H4:unk, H5:unk, H6:inh, 
D2:unk, D3:unk, D4:inh, D5:unk, D6:inh, 

Player 3 - current score: 0
Hand length: 5 Hand: ['C3', 'H4', 'D5', 'S3', 'S2']
Hokm: S
C2:unk, C3:inh, C4:unk, C5:unk, C6:unk, 
S2:inh, S3:inh, S4:unk, S5:unk, S6:unk, 
H2:unk, H3:unk, H4:inh, H5:unk, H6:unk, 
D2:unk, D3:unk, D4:unk, D5:inh, D6:unk, 

#####################################################################################


2019-12-08 19:41:34,926-INFO- Episode:2. It is 1 turn to start the round 1

2019-12-08 19:41:34,927-INFO- Table: []

2019-12-08 19:41:34,927-INFO- Hand length: 5 Hand: ['D3', 'S6', 'C5', 'C4', 'C6']

2019-12-08 19:41:34,927-INFO- 
Player 1 knowledge:
Hokm: S
C2:unk, C3:unk, C4:inh, C5:inh, C6:inh, 
S2:unk, S3:unk, S4:unk, S5:unk, S6:inh, 
H2:unk, H3:unk, H4:unk, H5:unk, H6:unk, 
D2:unk, D3:inh, D4:unk, D5:unk, D6:unk, 


2019-12-08 19:41:34,927-INFO- Player 1 action is: D3

2019-12-08 19:41:34,927-INFO- ------------------------------------------------

2019-12-08 19:41:34,927-INFO- Table: ['D3']

2019-12-08 19:41:34,927-INFO- Hand length: 5 Hand: ['D6', 'H6', 'H2', 'D4', 'H3']

2019-12-08 19:41:34,927-INFO- 
Player 2 knowledge:
Hokm: S
C2:unk, C3:unk, C4:unk, C5:unk, C6:unk, 
S2:unk, S3:unk, S4:unk, S5:unk, S6:unk, 
H2:inh, H3:inh, H4:unk, H5:unk, H6:inh, 
D2:unk, D3:tb, D4:inh, D5:unk, D6:inh, 


2019-12-08 19:41:34,927-INFO- Player 2 action is: D6

2019-12-08 19:41:34,928-INFO- ------------------------------------------------

2019-12-08 19:41:34,928-INFO- Table: ['D3', 'D6']

2019-12-08 19:41:34,928-INFO- Hand length: 5 Hand: ['C3', 'H4', 'D5', 'S3', 'S2']

2019-12-08 19:41:34,928-INFO- 
Player 3 knowledge:
Hokm: S
C2:unk, C3:inh, C4:unk, C5:unk, C6:unk, 
S2:inh, S3:inh, S4:unk, S5:unk, S6:unk, 
H2:unk, H3:unk, H4:inh, H5:unk, H6:unk, 
D2:unk, D3:tb, D4:unk, D5:inh, D6:tb, 


2019-12-08 19:41:34,928-INFO- Player 3 action is: D5

2019-12-08 19:41:34,928-INFO- ------------------------------------------------

2019-12-08 19:41:34,928-INFO- Table: ['D3', 'D6', 'D5']

2019-12-08 19:41:34,928-INFO- Hand length: 5 Hand: ['H5', 'C2', 'D2', 'S5', 'S4']

2019-12-08 19:41:34,928-INFO- 
Player 0 knowledge:
Hokm: S
C2:inh, C3:unk, C4:unk, C5:unk, C6:unk, 
S2:unk, S3:unk, S4:inh, S5:inh, S6:unk, 
H2:unk, H3:unk, H4:unk, H5:inh, H6:unk, 
D2:inh, D3:tb, D4:unk, D5:tb, D6:tb, 


2019-12-08 19:41:34,929-INFO- Player 0 action is: D2

2019-12-08 19:41:34,929-INFO- ------------------------------------------------

2019-12-08 19:41:34,929-INFO- The winner is global player 2. The played cards were {'D3': (0, 1), 'D6': (1, 2), 'D5': (2, 3), 'D2': (3, 0)}

2019-12-08 19:41:34,929-INFO- 
Players knowledge at round 1, episode 2:
#####################################################################################
Current table ['D3', 'D6', 'D5', 'D2']

Player 0 - current score: 1
Hand length: 4 Hand: ['H5', 'C2', 'S5', 'S4']
Hokm: S
C2:inh, C3:unk, C4:unk, C5:unk, C6:unk, 
S2:unk, S3:unk, S4:inh, S5:inh, S6:unk, 
H2:unk, H3:unk, H4:unk, H5:inh, H6:unk, 
D2:used, D3:used, D4:unk, D5:used, D6:used, 

Player 1 - current score: 0
Hand length: 4 Hand: ['S6', 'C5', 'C4', 'C6']
Hokm: S
C2:unk, C3:unk, C4:inh, C5:inh, C6:inh, 
S2:unk, S3:unk, S4:unk, S5:unk, S6:inh, 
H2:unk, H3:unk, H4:unk, H5:unk, H6:unk, 
D2:used, D3:used, D4:unk, D5:used, D6:used, 

Player 2 - current score: 1
Hand length: 4 Hand: ['H6', 'H2', 'D4', 'H3']
Hokm: S
C2:unk, C3:unk, C4:unk, C5:unk, C6:unk, 
S2:unk, S3:unk, S4:unk, S5:unk, S6:unk, 
H2:inh, H3:inh, H4:unk, H5:unk, H6:inh, 
D2:used, D3:used, D4:inh, D5:used, D6:used, 

Player 3 - current score: 0
Hand length: 4 Hand: ['C3', 'H4', 'S3', 'S2']
Hokm: S
C2:unk, C3:inh, C4:unk, C5:unk, C6:unk, 
S2:inh, S3:inh, S4:unk, S5:unk, S6:unk, 
H2:unk, H3:unk, H4:inh, H5:unk, H6:unk, 
D2:used, D3:used, D4:unk, D5:used, D6:used, 

#####################################################################################


2019-12-08 19:41:34,930-INFO- Episode:2. It is 2 turn to start the round 2

2019-12-08 19:41:34,930-INFO- Table: []

2019-12-08 19:41:34,930-INFO- Hand length: 4 Hand: ['H6', 'H2', 'D4', 'H3']

2019-12-08 19:41:34,930-INFO- 
Player 2 knowledge:
Hokm: S
C2:unk, C3:unk, C4:unk, C5:unk, C6:unk, 
S2:unk, S3:unk, S4:unk, S5:unk, S6:unk, 
H2:inh, H3:inh, H4:unk, H5:unk, H6:inh, 
D2:used, D3:used, D4:inh, D5:used, D6:used, 


2019-12-08 19:41:34,930-INFO- Player 2 action is: H6

2019-12-08 19:41:34,930-INFO- ------------------------------------------------

2019-12-08 19:41:34,931-INFO- Table: ['H6']

2019-12-08 19:41:34,931-INFO- Hand length: 4 Hand: ['C3', 'H4', 'S3', 'S2']

2019-12-08 19:41:34,931-INFO- 
Player 3 knowledge:
Hokm: S
C2:unk, C3:inh, C4:unk, C5:unk, C6:unk, 
S2:inh, S3:inh, S4:unk, S5:unk, S6:unk, 
H2:unk, H3:unk, H4:inh, H5:unk, H6:tb, 
D2:used, D3:used, D4:unk, D5:used, D6:used, 


2019-12-08 19:41:34,931-INFO- Player 3 action is: H4

2019-12-08 19:41:34,931-INFO- ------------------------------------------------

2019-12-08 19:41:34,931-INFO- Table: ['H6', 'H4']

2019-12-08 19:41:34,931-INFO- Hand length: 4 Hand: ['H5', 'C2', 'S5', 'S4']

2019-12-08 19:41:34,931-INFO- 
Player 0 knowledge:
Hokm: S
C2:inh, C3:unk, C4:unk, C5:unk, C6:unk, 
S2:unk, S3:unk, S4:inh, S5:inh, S6:unk, 
H2:unk, H3:unk, H4:tb, H5:inh, H6:tb, 
D2:used, D3:used, D4:unk, D5:used, D6:used, 


2019-12-08 19:41:34,931-INFO- Player 0 action is: H5

2019-12-08 19:41:34,932-INFO- ------------------------------------------------

2019-12-08 19:41:34,932-INFO- Table: ['H6', 'H4', 'H5']

2019-12-08 19:41:34,932-INFO- Hand length: 4 Hand: ['S6', 'C5', 'C4', 'C6']

2019-12-08 19:41:34,932-INFO- 
Player 1 knowledge:
Hokm: S
C2:unk, C3:unk, C4:inh, C5:inh, C6:inh, 
S2:unk, S3:unk, S4:unk, S5:unk, S6:inh, 
H2:unk, H3:unk, H4:tb, H5:tb, H6:tb, 
D2:used, D3:used, D4:unk, D5:used, D6:used, 


2019-12-08 19:41:34,932-INFO- Player 1 action is: C5

2019-12-08 19:41:34,932-INFO- ------------------------------------------------

2019-12-08 19:41:34,932-INFO- The winner is global player 2. The played cards were {'H6': (0, 2), 'H4': (1, 3), 'H5': (2, 0), 'C5': (3, 1)}

2019-12-08 19:41:34,932-INFO- 
Players knowledge at round 2, episode 2:
#####################################################################################
Current table ['H6', 'H4', 'H5', 'C5']

Player 0 - current score: 2
Hand length: 3 Hand: ['C2', 'S5', 'S4']
Hokm: S
C2:inh, C3:unk, C4:unk, C5:used, C6:unk, 
S2:unk, S3:unk, S4:inh, S5:inh, S6:unk, 
H2:unk, H3:unk, H4:used, H5:used, H6:used, 
D2:used, D3:used, D4:unk, D5:used, D6:used, 

Player 1 - current score: 0
Hand length: 3 Hand: ['S6', 'C4', 'C6']
Hokm: S
C2:unk, C3:unk, C4:inh, C5:used, C6:inh, 
S2:unk, S3:unk, S4:unk, S5:unk, S6:inh, 
H2:unk, H3:unk, H4:used, H5:used, H6:used, 
D2:used, D3:used, D4:unk, D5:used, D6:used, 

Player 2 - current score: 2
Hand length: 3 Hand: ['H2', 'D4', 'H3']
Hokm: S
C2:unk, C3:unk, C4:unk, C5:used, C6:unk, 
S2:unk, S3:unk, S4:unk, S5:unk, S6:unk, 
H2:inh, H3:inh, H4:used, H5:used, H6:used, 
D2:used, D3:used, D4:inh, D5:used, D6:used, 

Player 3 - current score: 0
Hand length: 3 Hand: ['C3', 'S3', 'S2']
Hokm: S
C2:unk, C3:inh, C4:unk, C5:used, C6:unk, 
S2:inh, S3:inh, S4:unk, S5:unk, S6:unk, 
H2:unk, H3:unk, H4:used, H5:used, H6:used, 
D2:used, D3:used, D4:unk, D5:used, D6:used, 

#####################################################################################


2019-12-08 19:41:34,932-INFO- Episode:2. It is 2 turn to start the round 3

2019-12-08 19:41:34,933-INFO- Table: []

2019-12-08 19:41:34,933-INFO- Hand length: 3 Hand: ['H2', 'D4', 'H3']

2019-12-08 19:41:34,933-INFO- 
Player 2 knowledge:
Hokm: S
C2:unk, C3:unk, C4:unk, C5:used, C6:unk, 
S2:unk, S3:unk, S4:unk, S5:unk, S6:unk, 
H2:inh, H3:inh, H4:used, H5:used, H6:used, 
D2:used, D3:used, D4:inh, D5:used, D6:used, 


2019-12-08 19:41:34,933-INFO- Player 2 action is: H2

2019-12-08 19:41:34,933-INFO- ------------------------------------------------

2019-12-08 19:41:34,933-INFO- Table: ['H2']

2019-12-08 19:41:34,933-INFO- Hand length: 3 Hand: ['C3', 'S3', 'S2']

2019-12-08 19:41:34,934-INFO- 
Player 3 knowledge:
Hokm: S
C2:unk, C3:inh, C4:unk, C5:used, C6:unk, 
S2:inh, S3:inh, S4:unk, S5:unk, S6:unk, 
H2:tb, H3:unk, H4:used, H5:used, H6:used, 
D2:used, D3:used, D4:unk, D5:used, D6:used, 


2019-12-08 19:41:34,934-INFO- Player 3 action is: S2

2019-12-08 19:41:34,934-INFO- ------------------------------------------------

2019-12-08 19:41:34,934-INFO- Table: ['H2', 'S2']

2019-12-08 19:41:34,934-INFO- Hand length: 3 Hand: ['C2', 'S5', 'S4']

2019-12-08 19:41:34,934-INFO- 
Player 0 knowledge:
Hokm: S
C2:inh, C3:unk, C4:unk, C5:used, C6:unk, 
S2:tb, S3:unk, S4:inh, S5:inh, S6:unk, 
H2:tb, H3:unk, H4:used, H5:used, H6:used, 
D2:used, D3:used, D4:unk, D5:used, D6:used, 


2019-12-08 19:41:34,934-INFO- Player 0 action is: S5

2019-12-08 19:41:34,935-INFO- ------------------------------------------------

2019-12-08 19:41:34,935-INFO- Table: ['H2', 'S2', 'S5']

2019-12-08 19:41:34,935-INFO- Hand length: 3 Hand: ['S6', 'C4', 'C6']

2019-12-08 19:41:34,935-INFO- 
Player 1 knowledge:
Hokm: S
C2:unk, C3:unk, C4:inh, C5:used, C6:inh, 
S2:tb, S3:unk, S4:unk, S5:tb, S6:inh, 
H2:tb, H3:unk, H4:used, H5:used, H6:used, 
D2:used, D3:used, D4:unk, D5:used, D6:used, 


2019-12-08 19:41:34,935-INFO- Player 1 action is: C6

2019-12-08 19:41:34,935-INFO- ------------------------------------------------

2019-12-08 19:41:34,935-INFO- The winner is global player 0. The played cards were {'H2': (0, 2), 'S2': (1, 3), 'S5': (2, 0), 'C6': (3, 1)}

2019-12-08 19:41:34,935-INFO- 
Players knowledge at round 3, episode 2:
#####################################################################################
Current table ['H2', 'S2', 'S5', 'C6']

Player 0 - current score: 3
Hand length: 2 Hand: ['C2', 'S4']
Hokm: S
C2:inh, C3:unk, C4:unk, C5:used, C6:used, 
S2:used, S3:unk, S4:inh, S5:used, S6:unk, 
H2:used, H3:unk, H4:used, H5:used, H6:used, 
D2:used, D3:used, D4:unk, D5:used, D6:used, 

Player 1 - current score: 0
Hand length: 2 Hand: ['S6', 'C4']
Hokm: S
C2:unk, C3:unk, C4:inh, C5:used, C6:used, 
S2:used, S3:unk, S4:unk, S5:used, S6:inh, 
H2:used, H3:unk, H4:used, H5:used, H6:used, 
D2:used, D3:used, D4:unk, D5:used, D6:used, 

Player 2 - current score: 3
Hand length: 2 Hand: ['D4', 'H3']
Hokm: S
C2:unk, C3:unk, C4:unk, C5:used, C6:used, 
S2:used, S3:unk, S4:unk, S5:used, S6:unk, 
H2:used, H3:inh, H4:used, H5:used, H6:used, 
D2:used, D3:used, D4:inh, D5:used, D6:used, 

Player 3 - current score: 0
Hand length: 2 Hand: ['C3', 'S3']
Hokm: S
C2:unk, C3:inh, C4:unk, C5:used, C6:used, 
S2:used, S3:inh, S4:unk, S5:used, S6:unk, 
H2:used, H3:unk, H4:used, H5:used, H6:used, 
D2:used, D3:used, D4:unk, D5:used, D6:used, 

#####################################################################################


2019-12-08 19:41:34,936-INFO- Winner is team: 0. Team 0 reward is 3. Team 1 reward is 0

2019-12-08 19:41:34,936-INFO- ##################### Episode 2 is done



2019-12-08 19:42:09,951-INFO- Hakem is global player 2. ['S4', 'S3'] are chosen for player 0 to choose hokm

2019-12-08 19:42:09,951-INFO-            S is chosen as hokm

2019-12-08 19:42:09,951-INFO- ['D4', 'H2', 'D3'] are added to player 0 hand

2019-12-08 19:42:09,951-INFO- 

Initial game status for episode 3:
#####################################################################################
Current table []

Player 0 - current score: 0
Hand length: 5 Hand: ['D2', 'C6', 'S2', 'C4', 'H6']
Hokm: S
C2:unk, C3:unk, C4:inh, C5:unk, C6:inh, 
S2:inh, S3:unk, S4:unk, S5:unk, S6:unk, 
H2:unk, H3:unk, H4:unk, H5:unk, H6:inh, 
D2:inh, D3:unk, D4:unk, D5:unk, D6:unk, 

Player 1 - current score: 0
Hand length: 5 Hand: ['D6', 'H4', 'H5', 'C3', 'D5']
Hokm: S
C2:unk, C3:inh, C4:unk, C5:unk, C6:unk, 
S2:unk, S3:unk, S4:unk, S5:unk, S6:unk, 
H2:unk, H3:unk, H4:inh, H5:inh, H6:unk, 
D2:unk, D3:unk, D4:unk, D5:inh, D6:inh, 

Player 2 - current score: 0
Hand length: 5 Hand: ['S4', 'S3', 'D4', 'H2', 'D3']
Hokm: S
C2:unk, C3:unk, C4:unk, C5:unk, C6:unk, 
S2:unk, S3:inh, S4:inh, S5:unk, S6:unk, 
H2:inh, H3:unk, H4:unk, H5:unk, H6:unk, 
D2:unk, D3:inh, D4:inh, D5:unk, D6:unk, 

Player 3 - current score: 0
Hand length: 5 Hand: ['S6', 'S5', 'C5', 'C2', 'H3']
Hokm: S
C2:inh, C3:unk, C4:unk, C5:inh, C6:unk, 
S2:unk, S3:unk, S4:unk, S5:inh, S6:inh, 
H2:unk, H3:inh, H4:unk, H5:unk, H6:unk, 
D2:unk, D3:unk, D4:unk, D5:unk, D6:unk, 

#####################################################################################


2019-12-08 19:42:09,952-INFO- Episode:3. It is 2 turn to start the round 1

2019-12-08 19:42:09,952-INFO- Table: []

2019-12-08 19:42:09,952-INFO- Hand length: 5 Hand: ['S4', 'S3', 'D4', 'H2', 'D3']

2019-12-08 19:42:09,952-INFO- 
Player 2 knowledge:
Hokm: S
C2:unk, C3:unk, C4:unk, C5:unk, C6:unk, 
S2:unk, S3:inh, S4:inh, S5:unk, S6:unk, 
H2:inh, H3:unk, H4:unk, H5:unk, H6:unk, 
D2:unk, D3:inh, D4:inh, D5:unk, D6:unk, 


2019-12-08 19:42:09,952-INFO- Player 2 action is: H2

2019-12-08 19:42:09,952-INFO- ------------------------------------------------

2019-12-08 19:42:09,952-INFO- Table: ['H2']

2019-12-08 19:42:09,952-INFO- Hand length: 5 Hand: ['S6', 'S5', 'C5', 'C2', 'H3']

2019-12-08 19:42:09,952-INFO- 
Player 3 knowledge:
Hokm: S
C2:inh, C3:unk, C4:unk, C5:inh, C6:unk, 
S2:unk, S3:unk, S4:unk, S5:inh, S6:inh, 
H2:tb, H3:inh, H4:unk, H5:unk, H6:unk, 
D2:unk, D3:unk, D4:unk, D5:unk, D6:unk, 


2019-12-08 19:42:09,953-INFO- Player 3 action is: H3

2019-12-08 19:42:09,953-INFO- ------------------------------------------------

2019-12-08 19:42:09,953-INFO- Table: ['H2', 'H3']

2019-12-08 19:42:09,953-INFO- Hand length: 5 Hand: ['D2', 'C6', 'S2', 'C4', 'H6']

2019-12-08 19:42:09,953-INFO- 
Player 0 knowledge:
Hokm: S
C2:unk, C3:unk, C4:inh, C5:unk, C6:inh, 
S2:inh, S3:unk, S4:unk, S5:unk, S6:unk, 
H2:tb, H3:tb, H4:unk, H5:unk, H6:inh, 
D2:inh, D3:unk, D4:unk, D5:unk, D6:unk, 


2019-12-08 19:42:09,953-INFO- Player 0 action is: H6

2019-12-08 19:42:09,953-INFO- ------------------------------------------------

2019-12-08 19:42:09,953-INFO- Table: ['H2', 'H3', 'H6']

2019-12-08 19:42:09,953-INFO- Hand length: 5 Hand: ['D6', 'H4', 'H5', 'C3', 'D5']

2019-12-08 19:42:09,954-INFO- 
Player 1 knowledge:
Hokm: S
C2:unk, C3:inh, C4:unk, C5:unk, C6:unk, 
S2:unk, S3:unk, S4:unk, S5:unk, S6:unk, 
H2:tb, H3:tb, H4:inh, H5:inh, H6:tb, 
D2:unk, D3:unk, D4:unk, D5:inh, D6:inh, 


2019-12-08 19:42:09,954-INFO- Player 1 action is: H4

2019-12-08 19:42:09,954-INFO- ------------------------------------------------

2019-12-08 19:42:09,954-INFO- The winner is global player 0. The played cards were {'H2': (0, 2), 'H3': (1, 3), 'H6': (2, 0), 'H4': (3, 1)}

2019-12-08 19:42:09,954-INFO- 
Players knowledge at round 1, episode 3:
#####################################################################################
Current table ['H2', 'H3', 'H6', 'H4']

Player 0 - current score: 1
Hand length: 4 Hand: ['D2', 'C6', 'S2', 'C4']
Hokm: S
C2:unk, C3:unk, C4:inh, C5:unk, C6:inh, 
S2:inh, S3:unk, S4:unk, S5:unk, S6:unk, 
H2:used, H3:used, H4:used, H5:unk, H6:used, 
D2:inh, D3:unk, D4:unk, D5:unk, D6:unk, 

Player 1 - current score: 0
Hand length: 4 Hand: ['D6', 'H5', 'C3', 'D5']
Hokm: S
C2:unk, C3:inh, C4:unk, C5:unk, C6:unk, 
S2:unk, S3:unk, S4:unk, S5:unk, S6:unk, 
H2:used, H3:used, H4:used, H5:inh, H6:used, 
D2:unk, D3:unk, D4:unk, D5:inh, D6:inh, 

Player 2 - current score: 1
Hand length: 4 Hand: ['S4', 'S3', 'D4', 'D3']
Hokm: S
C2:unk, C3:unk, C4:unk, C5:unk, C6:unk, 
S2:unk, S3:inh, S4:inh, S5:unk, S6:unk, 
H2:used, H3:used, H4:used, H5:unk, H6:used, 
D2:unk, D3:inh, D4:inh, D5:unk, D6:unk, 

Player 3 - current score: 0
Hand length: 4 Hand: ['S6', 'S5', 'C5', 'C2']
Hokm: S
C2:inh, C3:unk, C4:unk, C5:inh, C6:unk, 
S2:unk, S3:unk, S4:unk, S5:inh, S6:inh, 
H2:used, H3:used, H4:used, H5:unk, H6:used, 
D2:unk, D3:unk, D4:unk, D5:unk, D6:unk, 

#####################################################################################


2019-12-08 19:42:09,954-INFO- Episode:3. It is 0 turn to start the round 2

2019-12-08 19:42:09,954-INFO- Table: []

2019-12-08 19:42:09,954-INFO- Hand length: 4 Hand: ['D2', 'C6', 'S2', 'C4']

2019-12-08 19:42:09,955-INFO- 
Player 0 knowledge:
Hokm: S
C2:unk, C3:unk, C4:inh, C5:unk, C6:inh, 
S2:inh, S3:unk, S4:unk, S5:unk, S6:unk, 
H2:used, H3:used, H4:used, H5:unk, H6:used, 
D2:inh, D3:unk, D4:unk, D5:unk, D6:unk, 


2019-12-08 19:42:09,955-INFO- Player 0 action is: D2

2019-12-08 19:42:09,955-INFO- ------------------------------------------------

2019-12-08 19:42:09,955-INFO- Table: ['D2']

2019-12-08 19:42:09,955-INFO- Hand length: 4 Hand: ['D6', 'H5', 'C3', 'D5']

2019-12-08 19:42:09,955-INFO- 
Player 1 knowledge:
Hokm: S
C2:unk, C3:inh, C4:unk, C5:unk, C6:unk, 
S2:unk, S3:unk, S4:unk, S5:unk, S6:unk, 
H2:used, H3:used, H4:used, H5:inh, H6:used, 
D2:tb, D3:unk, D4:unk, D5:inh, D6:inh, 


2019-12-08 19:42:09,955-INFO- Player 1 action is: D6

2019-12-08 19:42:09,955-INFO- ------------------------------------------------

2019-12-08 19:42:09,955-INFO- Table: ['D2', 'D6']

2019-12-08 19:42:09,955-INFO- Hand length: 4 Hand: ['S4', 'S3', 'D4', 'D3']

2019-12-08 19:42:09,956-INFO- 
Player 2 knowledge:
Hokm: S
C2:unk, C3:unk, C4:unk, C5:unk, C6:unk, 
S2:unk, S3:inh, S4:inh, S5:unk, S6:unk, 
H2:used, H3:used, H4:used, H5:unk, H6:used, 
D2:tb, D3:inh, D4:inh, D5:unk, D6:tb, 


2019-12-08 19:42:09,956-INFO- Player 2 action is: D4

2019-12-08 19:42:09,956-INFO- ------------------------------------------------

2019-12-08 19:42:09,956-INFO- Table: ['D2', 'D6', 'D4']

2019-12-08 19:42:09,956-INFO- Hand length: 4 Hand: ['S6', 'S5', 'C5', 'C2']

2019-12-08 19:42:09,956-INFO- 
Player 3 knowledge:
Hokm: S
C2:inh, C3:unk, C4:unk, C5:inh, C6:unk, 
S2:unk, S3:unk, S4:unk, S5:inh, S6:inh, 
H2:used, H3:used, H4:used, H5:unk, H6:used, 
D2:tb, D3:unk, D4:tb, D5:unk, D6:tb, 


2019-12-08 19:42:09,956-INFO- Player 3 action is: C5

2019-12-08 19:42:09,957-INFO- ------------------------------------------------

2019-12-08 19:42:09,957-INFO- The winner is global player 1. The played cards were {'D2': (0, 0), 'D6': (1, 1), 'D4': (2, 2), 'C5': (3, 3)}

2019-12-08 19:42:09,957-INFO- 
Players knowledge at round 2, episode 3:
#####################################################################################
Current table ['D2', 'D6', 'D4', 'C5']

Player 0 - current score: 1
Hand length: 3 Hand: ['C6', 'S2', 'C4']
Hokm: S
C2:unk, C3:unk, C4:inh, C5:used, C6:inh, 
S2:inh, S3:unk, S4:unk, S5:unk, S6:unk, 
H2:used, H3:used, H4:used, H5:unk, H6:used, 
D2:used, D3:unk, D4:used, D5:unk, D6:used, 

Player 1 - current score: 1
Hand length: 3 Hand: ['H5', 'C3', 'D5']
Hokm: S
C2:unk, C3:inh, C4:unk, C5:used, C6:unk, 
S2:unk, S3:unk, S4:unk, S5:unk, S6:unk, 
H2:used, H3:used, H4:used, H5:inh, H6:used, 
D2:used, D3:unk, D4:used, D5:inh, D6:used, 

Player 2 - current score: 1
Hand length: 3 Hand: ['S4', 'S3', 'D3']
Hokm: S
C2:unk, C3:unk, C4:unk, C5:used, C6:unk, 
S2:unk, S3:inh, S4:inh, S5:unk, S6:unk, 
H2:used, H3:used, H4:used, H5:unk, H6:used, 
D2:used, D3:inh, D4:used, D5:unk, D6:used, 

Player 3 - current score: 1
Hand length: 3 Hand: ['S6', 'S5', 'C2']
Hokm: S
C2:inh, C3:unk, C4:unk, C5:used, C6:unk, 
S2:unk, S3:unk, S4:unk, S5:inh, S6:inh, 
H2:used, H3:used, H4:used, H5:unk, H6:used, 
D2:used, D3:unk, D4:used, D5:unk, D6:used, 

#####################################################################################


2019-12-08 19:42:09,957-INFO- Episode:3. It is 1 turn to start the round 3

2019-12-08 19:42:09,957-INFO- Table: []

2019-12-08 19:42:09,957-INFO- Hand length: 3 Hand: ['H5', 'C3', 'D5']

2019-12-08 19:42:09,957-INFO- 
Player 1 knowledge:
Hokm: S
C2:unk, C3:inh, C4:unk, C5:used, C6:unk, 
S2:unk, S3:unk, S4:unk, S5:unk, S6:unk, 
H2:used, H3:used, H4:used, H5:inh, H6:used, 
D2:used, D3:unk, D4:used, D5:inh, D6:used, 


2019-12-08 19:42:09,957-INFO- Player 1 action is: C3

2019-12-08 19:42:09,958-INFO- ------------------------------------------------

2019-12-08 19:42:09,958-INFO- Table: ['C3']

2019-12-08 19:42:09,958-INFO- Hand length: 3 Hand: ['S4', 'S3', 'D3']

2019-12-08 19:42:09,958-INFO- 
Player 2 knowledge:
Hokm: S
C2:unk, C3:tb, C4:unk, C5:used, C6:unk, 
S2:unk, S3:inh, S4:inh, S5:unk, S6:unk, 
H2:used, H3:used, H4:used, H5:unk, H6:used, 
D2:used, D3:inh, D4:used, D5:unk, D6:used, 


2019-12-08 19:42:09,958-INFO- Player 2 action is: S3

2019-12-08 19:42:09,958-INFO- ------------------------------------------------

2019-12-08 19:42:09,958-INFO- Table: ['C3', 'S3']

2019-12-08 19:42:09,958-INFO- Hand length: 3 Hand: ['S6', 'S5', 'C2']

2019-12-08 19:42:09,958-INFO- 
Player 3 knowledge:
Hokm: S
C2:inh, C3:tb, C4:unk, C5:used, C6:unk, 
S2:unk, S3:tb, S4:unk, S5:inh, S6:inh, 
H2:used, H3:used, H4:used, H5:unk, H6:used, 
D2:used, D3:unk, D4:used, D5:unk, D6:used, 


2019-12-08 19:42:09,958-INFO- Player 3 action is: C2

2019-12-08 19:42:09,958-INFO- ------------------------------------------------

2019-12-08 19:42:09,959-INFO- Table: ['C3', 'S3', 'C2']

2019-12-08 19:42:09,959-INFO- Hand length: 3 Hand: ['C6', 'S2', 'C4']

2019-12-08 19:42:09,959-INFO- 
Player 0 knowledge:
Hokm: S
C2:tb, C3:tb, C4:inh, C5:used, C6:inh, 
S2:inh, S3:tb, S4:unk, S5:unk, S6:unk, 
H2:used, H3:used, H4:used, H5:unk, H6:used, 
D2:used, D3:unk, D4:used, D5:unk, D6:used, 


2019-12-08 19:42:09,959-INFO- Player 0 action is: C6

2019-12-08 19:42:09,959-INFO- ------------------------------------------------

2019-12-08 19:42:09,959-INFO- The winner is global player 0. The played cards were {'C3': (0, 1), 'S3': (1, 2), 'C2': (2, 3), 'C6': (3, 0)}

2019-12-08 19:42:09,960-INFO- 
Players knowledge at round 3, episode 3:
#####################################################################################
Current table ['C3', 'S3', 'C2', 'C6']

Player 0 - current score: 2
Hand length: 2 Hand: ['S2', 'C4']
Hokm: S
C2:used, C3:used, C4:inh, C5:used, C6:used, 
S2:inh, S3:used, S4:unk, S5:unk, S6:unk, 
H2:used, H3:used, H4:used, H5:unk, H6:used, 
D2:used, D3:unk, D4:used, D5:unk, D6:used, 

Player 1 - current score: 1
Hand length: 2 Hand: ['H5', 'D5']
Hokm: S
C2:used, C3:used, C4:unk, C5:used, C6:used, 
S2:unk, S3:used, S4:unk, S5:unk, S6:unk, 
H2:used, H3:used, H4:used, H5:inh, H6:used, 
D2:used, D3:unk, D4:used, D5:inh, D6:used, 

Player 2 - current score: 2
Hand length: 2 Hand: ['S4', 'D3']
Hokm: S
C2:used, C3:used, C4:unk, C5:used, C6:used, 
S2:unk, S3:used, S4:inh, S5:unk, S6:unk, 
H2:used, H3:used, H4:used, H5:unk, H6:used, 
D2:used, D3:inh, D4:used, D5:unk, D6:used, 

Player 3 - current score: 1
Hand length: 2 Hand: ['S6', 'S5']
Hokm: S
C2:used, C3:used, C4:unk, C5:used, C6:used, 
S2:unk, S3:used, S4:unk, S5:inh, S6:inh, 
H2:used, H3:used, H4:used, H5:unk, H6:used, 
D2:used, D3:unk, D4:used, D5:unk, D6:used, 

#####################################################################################


2019-12-08 19:42:09,960-INFO- Episode:3. It is 0 turn to start the round 4

2019-12-08 19:42:09,960-INFO- Table: []

2019-12-08 19:42:09,960-INFO- Hand length: 2 Hand: ['S2', 'C4']

2019-12-08 19:42:09,960-INFO- 
Player 0 knowledge:
Hokm: S
C2:used, C3:used, C4:inh, C5:used, C6:used, 
S2:inh, S3:used, S4:unk, S5:unk, S6:unk, 
H2:used, H3:used, H4:used, H5:unk, H6:used, 
D2:used, D3:unk, D4:used, D5:unk, D6:used, 


2019-12-08 19:42:09,960-INFO- Player 0 action is: C4

2019-12-08 19:42:09,960-INFO- ------------------------------------------------

2019-12-08 19:42:09,961-INFO- Table: ['C4']

2019-12-08 19:42:09,961-INFO- Hand length: 2 Hand: ['H5', 'D5']

2019-12-08 19:42:09,961-INFO- 
Player 1 knowledge:
Hokm: S
C2:used, C3:used, C4:tb, C5:used, C6:used, 
S2:unk, S3:used, S4:unk, S5:unk, S6:unk, 
H2:used, H3:used, H4:used, H5:inh, H6:used, 
D2:used, D3:unk, D4:used, D5:inh, D6:used, 


2019-12-08 19:42:09,961-INFO- Player 1 action is: D5

2019-12-08 19:42:09,961-INFO- ------------------------------------------------

2019-12-08 19:42:09,961-INFO- Table: ['C4', 'D5']

2019-12-08 19:42:09,961-INFO- Hand length: 2 Hand: ['S4', 'D3']

2019-12-08 19:42:09,961-INFO- 
Player 2 knowledge:
Hokm: S
C2:used, C3:used, C4:tb, C5:used, C6:used, 
S2:unk, S3:used, S4:inh, S5:unk, S6:unk, 
H2:used, H3:used, H4:used, H5:unk, H6:used, 
D2:used, D3:inh, D4:used, D5:tb, D6:used, 


2019-12-08 19:42:09,962-INFO- Player 2 action is: S4

2019-12-08 19:42:09,962-INFO- ------------------------------------------------

2019-12-08 19:42:09,962-INFO- Table: ['C4', 'D5', 'S4']

2019-12-08 19:42:09,962-INFO- Hand length: 2 Hand: ['S6', 'S5']

2019-12-08 19:42:09,962-INFO- 
Player 3 knowledge:
Hokm: S
C2:used, C3:used, C4:tb, C5:used, C6:used, 
S2:unk, S3:used, S4:tb, S5:inh, S6:inh, 
H2:used, H3:used, H4:used, H5:unk, H6:used, 
D2:used, D3:unk, D4:used, D5:tb, D6:used, 


2019-12-08 19:42:09,962-INFO- Player 3 action is: S5

2019-12-08 19:42:09,962-INFO- ------------------------------------------------

2019-12-08 19:42:09,962-INFO- The winner is global player 3. The played cards were {'C4': (0, 0), 'D5': (1, 1), 'S4': (2, 2), 'S5': (3, 3)}

2019-12-08 19:42:09,962-INFO- 
Players knowledge at round 4, episode 3:
#####################################################################################
Current table ['C4', 'D5', 'S4', 'S5']

Player 0 - current score: 2
Hand length: 1 Hand: ['S2']
Hokm: S
C2:used, C3:used, C4:used, C5:used, C6:used, 
S2:inh, S3:used, S4:used, S5:used, S6:unk, 
H2:used, H3:used, H4:used, H5:unk, H6:used, 
D2:used, D3:unk, D4:used, D5:used, D6:used, 

Player 1 - current score: 2
Hand length: 1 Hand: ['H5']
Hokm: S
C2:used, C3:used, C4:used, C5:used, C6:used, 
S2:unk, S3:used, S4:used, S5:used, S6:unk, 
H2:used, H3:used, H4:used, H5:inh, H6:used, 
D2:used, D3:unk, D4:used, D5:used, D6:used, 

Player 2 - current score: 2
Hand length: 1 Hand: ['D3']
Hokm: S
C2:used, C3:used, C4:used, C5:used, C6:used, 
S2:unk, S3:used, S4:used, S5:used, S6:unk, 
H2:used, H3:used, H4:used, H5:unk, H6:used, 
D2:used, D3:inh, D4:used, D5:used, D6:used, 

Player 3 - current score: 2
Hand length: 1 Hand: ['S6']
Hokm: S
C2:used, C3:used, C4:used, C5:used, C6:used, 
S2:unk, S3:used, S4:used, S5:used, S6:inh, 
H2:used, H3:used, H4:used, H5:unk, H6:used, 
D2:used, D3:unk, D4:used, D5:used, D6:used, 

#####################################################################################


2019-12-08 19:42:09,963-INFO- Episode:3. It is 3 turn to start the round 5

2019-12-08 19:42:09,963-INFO- Table: []

2019-12-08 19:42:09,963-INFO- Hand length: 1 Hand: ['S6']

2019-12-08 19:42:09,963-INFO- 
Player 3 knowledge:
Hokm: S
C2:used, C3:used, C4:used, C5:used, C6:used, 
S2:unk, S3:used, S4:used, S5:used, S6:inh, 
H2:used, H3:used, H4:used, H5:unk, H6:used, 
D2:used, D3:unk, D4:used, D5:used, D6:used, 


2019-12-08 19:42:09,963-INFO- Player 3 action is: S6

2019-12-08 19:42:09,963-INFO- ------------------------------------------------

2019-12-08 19:42:09,963-INFO- Table: ['S6']

2019-12-08 19:42:09,963-INFO- Hand length: 1 Hand: ['S2']

2019-12-08 19:42:09,963-INFO- 
Player 0 knowledge:
Hokm: S
C2:used, C3:used, C4:used, C5:used, C6:used, 
S2:inh, S3:used, S4:used, S5:used, S6:tb, 
H2:used, H3:used, H4:used, H5:unk, H6:used, 
D2:used, D3:unk, D4:used, D5:used, D6:used, 


2019-12-08 19:42:09,964-INFO- Player 0 action is: S2

2019-12-08 19:42:09,964-INFO- ------------------------------------------------

2019-12-08 19:42:09,964-INFO- Table: ['S6', 'S2']

2019-12-08 19:42:09,964-INFO- Hand length: 1 Hand: ['H5']

2019-12-08 19:42:09,964-INFO- 
Player 1 knowledge:
Hokm: S
C2:used, C3:used, C4:used, C5:used, C6:used, 
S2:tb, S3:used, S4:used, S5:used, S6:tb, 
H2:used, H3:used, H4:used, H5:inh, H6:used, 
D2:used, D3:unk, D4:used, D5:used, D6:used, 


2019-12-08 19:42:09,964-INFO- Player 1 action is: H5

2019-12-08 19:42:09,964-INFO- ------------------------------------------------

2019-12-08 19:42:09,964-INFO- Table: ['S6', 'S2', 'H5']

2019-12-08 19:42:09,964-INFO- Hand length: 1 Hand: ['D3']

2019-12-08 19:42:09,965-INFO- 
Player 2 knowledge:
Hokm: S
C2:used, C3:used, C4:used, C5:used, C6:used, 
S2:tb, S3:used, S4:used, S5:used, S6:tb, 
H2:used, H3:used, H4:used, H5:tb, H6:used, 
D2:used, D3:inh, D4:used, D5:used, D6:used, 


2019-12-08 19:42:09,965-INFO- Player 2 action is: D3

2019-12-08 19:42:09,965-INFO- ------------------------------------------------

2019-12-08 19:42:09,965-INFO- The winner is global player 3. The played cards were {'S6': (0, 3), 'S2': (1, 0), 'H5': (2, 1), 'D3': (3, 2)}

2019-12-08 19:42:09,965-INFO- 
Players knowledge at round 5, episode 3:
#####################################################################################
Current table ['S6', 'S2', 'H5', 'D3']

Player 0 - current score: 2
Hand length: 0 Hand: []
Hokm: S
C2:used, C3:used, C4:used, C5:used, C6:used, 
S2:used, S3:used, S4:used, S5:used, S6:used, 
H2:used, H3:used, H4:used, H5:used, H6:used, 
D2:used, D3:used, D4:used, D5:used, D6:used, 

Player 1 - current score: 3
Hand length: 0 Hand: []
Hokm: S
C2:used, C3:used, C4:used, C5:used, C6:used, 
S2:used, S3:used, S4:used, S5:used, S6:used, 
H2:used, H3:used, H4:used, H5:used, H6:used, 
D2:used, D3:used, D4:used, D5:used, D6:used, 

Player 2 - current score: 2
Hand length: 0 Hand: []
Hokm: S
C2:used, C3:used, C4:used, C5:used, C6:used, 
S2:used, S3:used, S4:used, S5:used, S6:used, 
H2:used, H3:used, H4:used, H5:used, H6:used, 
D2:used, D3:used, D4:used, D5:used, D6:used, 

Player 3 - current score: 3
Hand length: 0 Hand: []
Hokm: S
C2:used, C3:used, C4:used, C5:used, C6:used, 
S2:used, S3:used, S4:used, S5:used, S6:used, 
H2:used, H3:used, H4:used, H5:used, H6:used, 
D2:used, D3:used, D4:used, D5:used, D6:used, 

#####################################################################################


2019-12-08 19:42:09,966-INFO- Winner is team: 1. Team 0 reward is 2. Team 1 reward is 3

2019-12-08 19:42:09,966-INFO- ##################### Episode 3 is done



